<?xml version="1.0" encoding="UTF-8"?>
<!-- Generated by org.testng.reporters.JUnitReportReporter -->
<testsuite skipped="0" hostname="SARJERAO-PC" name="Selenium.HandleDisabledElements" tests="1" failures="0" timestamp="10 Nov 2020 12:38:27 GMT" time="13.490" errors="0">
  <testcase name="handleDisabledElementsDemo" time="13.490" classname="Selenium.HandleDisabledElements"/>
</testsuite> <!-- Selenium.HandleDisabledElements -->
