<?xml version="1.0" encoding="UTF-8"?>
<!-- Generated by org.testng.reporters.JUnitReportReporter -->
<testsuite hostname="SARJERAO-PC" name="testNG.YahooSearchTest" tests="3" failures="0" timestamp="18 May 2019 06:25:33 GMT" time="1.711" errors="0">
  <testcase name="searchTest_howStuffWorks" time="0.731" classname="testNG.YahooSearchTest"/>
  <testcase name="verifyTitle" time="0.320" classname="testNG.YahooSearchTest"/>
  <testcase name="searchTest_whatToSearch" time="0.660" classname="testNG.YahooSearchTest"/>
</testsuite> <!-- testNG.YahooSearchTest -->
