<?xml version="1.0" encoding="UTF-8"?>
<!-- Generated by org.testng.reporters.JUnitReportReporter -->
<testsuite skipped="0" hostname="SARJERAO-PC" name="exceptionsHandling.ElementNotClickableAtPointException_Demo" tests="1" failures="0" timestamp="10 Nov 2020 10:34:35 GMT" time="24.531" errors="0">
  <testcase name="noSuchElementExceptionDemo" time="24.531" classname="exceptionsHandling.ElementNotClickableAtPointException_Demo"/>
</testsuite> <!-- exceptionsHandling.ElementNotClickableAtPointException_Demo -->
