<?xml version="1.0" encoding="UTF-8"?>
<!-- Generated by org.testng.reporters.JUnitReportReporter -->
<testsuite skipped="0" hostname="SARJERAO-PC" name="exceptionsHandling.NoSuchElementException_Demo" tests="1" failures="0" timestamp="10 Nov 2020 09:10:07 GMT" time="32.987" errors="0">
  <testcase name="noSuchElementExceptionDemo" time="32.987" classname="exceptionsHandling.NoSuchElementException_Demo"/>
</testsuite> <!-- exceptionsHandling.NoSuchElementException_Demo -->
